<?xml version="1.0" encoding="UTF-8"?>
<!-- Generated by org.testng.reporters.JUnitXMLReporter -->
<testsuite ignored="0" hostname="LAPTOP-52KAV6VB" failures="0" tests="3" name="Command line test" time="159.192" errors="0" timestamp="2022-11-28T17:59:26 IST">
  <testcase classname="com.testcases.LoginTest" name="loginPageTitleTest" time="0.008"/>
  <testcase classname="com.testcases.LoginTest" name="crmLogoImageTest" time="0.063"/>
  <testcase classname="com.testcases.LoginTest" name="FLOlogin" time="0.216"/>
</testsuite> <!-- Command line test -->
