<?xml version="1.0" encoding="UTF-8"?>
<!-- Generated by org.testng.reporters.JUnitXMLReporter -->
<testsuite ignored="1" hostname="QA" failures="0" tests="3" name="Command line test" time="60.041" errors="0" timestamp="2023-12-01T10:57:54 IST">
  <testcase classname="com.testcases.LoginTest" name="loginPageTitleTest" time="0.034"/>
  <testcase classname="com.testcases.LoginTest" name="FLOlogin" time="0.277"/>
  <testcase classname="com.testcases.LoginTest" name="FLOlogin" time="0.262"/>
  <testcase classname="com.testcases.LoginTest" name="crmLogoImageTest" time="0.0">
    <ignored/>
  </testcase> <!-- crmLogoImageTest -->
</testsuite> <!-- Command line test -->
