<?xml version="1.0" encoding="UTF-8"?>
<testng-results ignored="1" total="4" passed="3" failed="0" skipped="0">
  <reporter-output>
  </reporter-output>
  <suite started-at="2023-12-01T10:56:54 IST" name="com.testcases.LoginTest" finished-at="2023-12-01T10:57:54 IST" duration-ms="60041">
    <groups>
    </groups>
    <test started-at="2023-12-01T10:56:54 IST" name="Command line test" finished-at="2023-12-01T10:57:54 IST" duration-ms="60041">
      <class name="com.testcases.LoginTest">
        <test-method is-config="true" signature="setup()[pri:0, instance:com.testcases.LoginTest@429bd883]" started-at="2023-12-01T10:56:54 IST" name="setup" finished-at="2023-12-01T10:57:45 IST" duration-ms="51278" status="PASS">
          <reporter-output>
          </reporter-output>
        </test-method> <!-- setup -->
        <test-method signature="loginPageTitleTest()[pri:1, instance:com.testcases.LoginTest@429bd883]" started-at="2023-12-01T10:57:45 IST" name="loginPageTitleTest" finished-at="2023-12-01T10:57:45 IST" duration-ms="34" status="PASS">
          <reporter-output>
          </reporter-output>
        </test-method> <!-- loginPageTitleTest -->
        <test-method is-config="true" signature="teardown()[pri:0, instance:com.testcases.LoginTest@429bd883]" started-at="2023-12-01T10:57:45 IST" name="teardown" finished-at="2023-12-01T10:57:45 IST" duration-ms="0" status="PASS">
          <reporter-output>
          </reporter-output>
        </test-method> <!-- teardown -->
        <test-method is-config="true" signature="setup()[pri:0, instance:com.testcases.LoginTest@429bd883]" started-at="2023-12-01T10:57:46 IST" name="setup" finished-at="2023-12-01T10:57:49 IST" duration-ms="3036" status="PASS">
          <reporter-output>
          </reporter-output>
        </test-method> <!-- setup -->
        <test-method signature="FLOlogin(java.lang.String,java.lang.String)[pri:2, instance:com.testcases.LoginTest@429bd883]" started-at="2023-12-01T10:57:49 IST" name="FLOlogin" data-provider="getbioTestdata" finished-at="2023-12-01T10:57:49 IST" duration-ms="277" status="PASS">
          <params>
            <param index="0">
              <value>
                <![CDATA[5146@r1]]>
              </value>
            </param>
            <param index="1">
              <value>
                <![CDATA[Welcome@123]]>
              </value>
            </param>
          </params>
          <reporter-output>
          </reporter-output>
        </test-method> <!-- FLOlogin -->
        <test-method is-config="true" signature="teardown()[pri:0, instance:com.testcases.LoginTest@429bd883]" started-at="2023-12-01T10:57:49 IST" name="teardown" finished-at="2023-12-01T10:57:49 IST" duration-ms="1" status="PASS">
          <reporter-output>
          </reporter-output>
        </test-method> <!-- teardown -->
        <test-method is-config="true" signature="setup()[pri:0, instance:com.testcases.LoginTest@429bd883]" started-at="2023-12-01T10:57:49 IST" name="setup" finished-at="2023-12-01T10:57:54 IST" duration-ms="4224" status="PASS">
          <reporter-output>
          </reporter-output>
        </test-method> <!-- setup -->
        <test-method signature="FLOlogin(java.lang.String,java.lang.String)[pri:2, instance:com.testcases.LoginTest@429bd883]" started-at="2023-12-01T10:57:54 IST" name="FLOlogin" data-provider="getbioTestdata" finished-at="2023-12-01T10:57:54 IST" duration-ms="262" status="PASS">
          <params>
            <param index="0">
              <value>
                <![CDATA[rafi]]>
              </value>
            </param>
            <param index="1">
              <value>
                <![CDATA[gfdhgjfjk]]>
              </value>
            </param>
          </params>
          <reporter-output>
          </reporter-output>
        </test-method> <!-- FLOlogin -->
        <test-method is-config="true" signature="teardown()[pri:0, instance:com.testcases.LoginTest@429bd883]" started-at="2023-12-01T10:57:54 IST" name="teardown" finished-at="2023-12-01T10:57:54 IST" duration-ms="0" status="PASS">
          <reporter-output>
          </reporter-output>
        </test-method> <!-- teardown -->
      </class> <!-- com.testcases.LoginTest -->
    </test> <!-- Command line test -->
  </suite> <!-- com.testcases.LoginTest -->
</testng-results>
