<?xml version="1.0" encoding="UTF-8"?>
<testng-results ignored="0" total="3" passed="3" failed="0" skipped="0">
  <reporter-output>
  </reporter-output>
  <suite started-at="2022-11-28T17:56:47 IST" name="com.testcases.LoginTest" finished-at="2022-11-28T17:59:26 IST" duration-ms="159192">
    <groups>
    </groups>
    <test started-at="2022-11-28T17:56:47 IST" name="Command line test" finished-at="2022-11-28T17:59:26 IST" duration-ms="159192">
      <class name="com.testcases.LoginTest">
        <test-method is-config="true" signature="setup()[pri:0, instance:com.testcases.LoginTest@6a79c292]" started-at="2022-11-28T17:56:47 IST" name="setup" finished-at="2022-11-28T17:57:36 IST" duration-ms="49664" status="PASS">
          <reporter-output>
          </reporter-output>
        </test-method> <!-- setup -->
        <test-method signature="loginPageTitleTest()[pri:1, instance:com.testcases.LoginTest@6a79c292]" started-at="2022-11-28T17:57:36 IST" name="loginPageTitleTest" finished-at="2022-11-28T17:57:36 IST" duration-ms="8" status="PASS">
          <reporter-output>
          </reporter-output>
        </test-method> <!-- loginPageTitleTest -->
        <test-method is-config="true" signature="teardown()[pri:0, instance:com.testcases.LoginTest@6a79c292]" started-at="2022-11-28T17:57:36 IST" name="teardown" finished-at="2022-11-28T17:57:36 IST" duration-ms="0" status="PASS">
          <reporter-output>
          </reporter-output>
        </test-method> <!-- teardown -->
        <test-method is-config="true" signature="setup()[pri:0, instance:com.testcases.LoginTest@6a79c292]" started-at="2022-11-28T17:57:36 IST" name="setup" finished-at="2022-11-28T17:58:30 IST" duration-ms="53913" status="PASS">
          <reporter-output>
          </reporter-output>
        </test-method> <!-- setup -->
        <test-method signature="crmLogoImageTest()[pri:2, instance:com.testcases.LoginTest@6a79c292]" started-at="2022-11-28T17:58:30 IST" name="crmLogoImageTest" finished-at="2022-11-28T17:58:30 IST" duration-ms="63" status="PASS">
          <reporter-output>
          </reporter-output>
        </test-method> <!-- crmLogoImageTest -->
        <test-method is-config="true" signature="teardown()[pri:0, instance:com.testcases.LoginTest@6a79c292]" started-at="2022-11-28T17:58:30 IST" name="teardown" finished-at="2022-11-28T17:58:30 IST" duration-ms="0" status="PASS">
          <reporter-output>
          </reporter-output>
        </test-method> <!-- teardown -->
        <test-method is-config="true" signature="setup()[pri:0, instance:com.testcases.LoginTest@6a79c292]" started-at="2022-11-28T17:58:30 IST" name="setup" finished-at="2022-11-28T17:59:25 IST" duration-ms="55284" status="PASS">
          <reporter-output>
          </reporter-output>
        </test-method> <!-- setup -->
        <test-method signature="FLOlogin()[pri:3, instance:com.testcases.LoginTest@6a79c292]" started-at="2022-11-28T17:59:25 IST" name="FLOlogin" finished-at="2022-11-28T17:59:26 IST" duration-ms="216" status="PASS">
          <reporter-output>
          </reporter-output>
        </test-method> <!-- FLOlogin -->
        <test-method is-config="true" signature="teardown()[pri:0, instance:com.testcases.LoginTest@6a79c292]" started-at="2022-11-28T17:59:26 IST" name="teardown" finished-at="2022-11-28T17:59:26 IST" duration-ms="0" status="PASS">
          <reporter-output>
          </reporter-output>
        </test-method> <!-- teardown -->
      </class> <!-- com.testcases.LoginTest -->
    </test> <!-- Command line test -->
  </suite> <!-- com.testcases.LoginTest -->
</testng-results>
